# JRE version: Java(TM) SE Runtime Environment (7.0_40-b43) (build 1.7.0_40-b43)
# Java VM: Java HotSpot(TM) 64-Bit Server VM (24.0-b56 mixed mode windows-amd64 compressed oops)
Heap
 PSYoungGen      total 6656K, used 480K [0x00000007aab00000, 0x00000007ab800000, 0x0000000800000000)
  eden space 6144K, 0% used [0x00000007aab00000,0x00000007aab00000,0x00000007ab100000)
  from space 512K, 93% used [0x00000007ab100000,0x00000007ab178020,0x00000007ab180000)
  to   space 512K, 0% used [0x00000007ab780000,0x00000007ab780000,0x00000007ab800000)
 ParOldGen       total 5632K, used 4114K [0x0000000700200000, 0x0000000700780000, 0x00000007aab00000)
  object space 5632K, 73% used [0x0000000700200000,0x0000000700604958,0x0000000700780000)
 PSPermGen       total 21504K, used 6299K [0x00000006fb000000, 0x00000006fc500000, 0x0000000700200000)
  object space 21504K, 29% used [0x00000006fb000000,0x00000006fb626cd8,0x00000006fc500000)
GC Heap History (7 events):
Event: 0.144 GC heap before
{Heap before GC invocations=1 (full 0):
 PSYoungGen      total 3584K, used 3028K [0x00000007aab00000, 0x00000007aaf00000, 0x0000000800000000)
  eden space 3072K, 98% used [0x00000007aab00000,0x00000007aadf50c8,0x00000007aae00000)
  from space 512K, 0% used [0x00000007aae80000,0x00000007aae80000,0x00000007aaf00000)
  to   space 512K, 0% used [0x00000007aae00000,0x00000007aae00000,0x00000007aae80000)
 ParOldGen       total 5632K, used 0K [0x0000000700200000, 0x0000000700780000, 0x00000007aab00000)
  object space 5632K, 0% used [0x0000000700200000,0x0000000700200000,0x0000000700780000)
 PSPermGen       total 21504K, used 3752K [0x00000006fb000000, 0x00000006fc500000, 0x0000000700200000)
  object space 21504K, 17% used [0x00000006fb000000,0x00000006fb3aa200,0x00000006fc500000)
Event: 0.146 GC heap after
Heap after GC invocations=1 (full 0):
 PSYoungGen      total 3584K, used 512K [0x00000007aab00000, 0x00000007ab200000, 0x0000000800000000)
  eden space 3072K, 0% used [0x00000007aab00000,0x00000007aab00000,0x00000007aae00000)
  from space 512K, 100% used [0x00000007aae00000,0x00000007aae80000,0x00000007aae80000)
  to   space 512K, 0% used [0x00000007ab180000,0x00000007ab180000,0x00000007ab200000)
 ParOldGen       total 5632K, used 296K [0x0000000700200000, 0x0000000700780000, 0x00000007aab00000)
  object space 5632K, 5% used [0x0000000700200000,0x000000070024a020,0x0000000700780000)
 PSPermGen       total 21504K, used 3752K [0x00000006fb000000, 0x00000006fc500000, 0x0000000700200000)
  object space 21504K, 17% used [0x00000006fb000000,0x00000006fb3aa200,0x00000006fc500000)
}
Event: 0.219 GC heap before
{Heap before GC invocations=2 (full 0):
 PSYoungGen      total 3584K, used 3584K [0x00000007aab00000, 0x00000007ab200000, 0x0000000800000000)
  eden space 3072K, 100% used [0x00000007aab00000,0x00000007aae00000,0x00000007aae00000)
  from space 512K, 100% used [0x00000007aae00000,0x00000007aae80000,0x00000007aae80000)
  to   space 512K, 0% used [0x00000007ab180000,0x00000007ab180000,0x00000007ab200000)
 ParOldGen       total 5632K, used 296K [0x0000000700200000, 0x0000000700780000, 0x00000007aab00000)
  object space 5632K, 5% used [0x0000000700200000,0x000000070024a020,0x0000000700780000)
 PSPermGen       total 21504K, used 4877K [0x00000006fb000000, 0x00000006fc500000, 0x0000000700200000)
  object space 21504K, 22% used [0x00000006fb000000,0x00000006fb4c3618,0x00000006fc500000)
Event: 0.221 GC heap after
Heap after GC invocations=2 (full 0):
 PSYoungGen      total 6656K, used 512K [0x00000007aab00000, 0x00000007ab200000, 0x0000000800000000)
  eden space 6144K, 0% used [0x00000007aab00000,0x00000007aab00000,0x00000007ab100000)
  from space 512K, 100% used [0x00000007ab180000,0x00000007ab200000,0x00000007ab200000)
  to   space 512K, 0% used [0x00000007ab100000,0x00000007ab100000,0x00000007ab180000)
 ParOldGen       total 5632K, used 464K [0x0000000700200000, 0x0000000700780000, 0x00000007aab00000)
  object space 5632K, 8% used [0x0000000700200000,0x0000000700274020,0x0000000700780000)
 PSPermGen       total 21504K, used 4877K [0x00000006fb000000, 0x00000006fc500000, 0x0000000700200000)
  object space 21504K, 22% used [0x00000006fb000000,0x00000006fb4c3618,0x00000006fc500000)
}
Event: 0.400 GC heap before
{Heap before GC invocations=3 (full 0):
 PSYoungGen      total 6656K, used 6656K [0x00000007aab00000, 0x00000007ab200000, 0x0000000800000000)
  eden space 6144K, 100% used [0x00000007aab00000,0x00000007ab100000,0x00000007ab100000)
  from space 512K, 100% used [0x00000007ab180000,0x00000007ab200000,0x00000007ab200000)
  to   space 512K, 0% used [0x00000007ab100000,0x00000007ab100000,0x00000007ab180000)
 ParOldGen       total 5632K, used 464K [0x0000000700200000, 0x0000000700780000, 0x00000007aab00000)
  object space 5632K, 8% used [0x0000000700200000,0x0000000700274020,0x0000000700780000)
 PSPermGen       total 21504K, used 6299K [0x00000006fb000000, 0x00000006fc500000, 0x0000000700200000)
  object space 21504K, 29% used [0x00000006fb000000,0x00000006fb626cd8,0x00000006fc500000)
Event: 0.404 GC heap after
Heap after GC invocations=3 (full 0):
 PSYoungGen      total 6656K, used 480K [0x00000007aab00000, 0x00000007ab800000, 0x0000000800000000)
  eden space 6144K, 0% used [0x00000007aab00000,0x00000007aab00000,0x00000007ab100000)
  from space 512K, 93% used [0x00000007ab100000,0x00000007ab178020,0x00000007ab180000)
  to   space 512K, 0% used [0x00000007ab780000,0x00000007ab780000,0x00000007ab800000)
 ParOldGen       total 5632K, used 4114K [0x0000000700200000, 0x0000000700780000, 0x00000007aab00000)
  object space 5632K, 73% used [0x0000000700200000,0x0000000700604958,0x0000000700780000)
 PSPermGen       total 21504K, used 6299K [0x00000006fb000000, 0x00000006fc500000, 0x0000000700200000)
  object space 21504K, 29% used [0x00000006fb000000,0x00000006fb626cd8,0x00000006fc500000)
}
Event: 0.404 GC heap before
{Heap before GC invocations=4 (full 1):
 PSYoungGen      total 6656K, used 480K [0x00000007aab00000, 0x00000007ab800000, 0x0000000800000000)
  eden space 6144K, 0% used [0x00000007aab00000,0x00000007aab00000,0x00000007ab100000)
  from space 512K, 93% used [0x00000007ab100000,0x00000007ab178020,0x00000007ab180000)
  to   space 512K, 0% used [0x00000007ab780000,0x00000007ab780000,0x00000007ab800000)
 ParOldGen       total 5632K, used 4114K [0x0000000700200000, 0x0000000700780000, 0x00000007aab00000)
  object space 5632K, 73% used [0x0000000700200000,0x0000000700604958,0x0000000700780000)
 PSPermGen       total 21504K, used 6299K [0x00000006fb000000, 0x00000006fc500000, 0x0000000700200000)
  object space 21504K, 29% used [0x00000006fb000000,0x00000006fb626cd8,0x00000006fc500000)

